<!DOCTYPE html PUBLIC "-//W3C//DTD XHTML 1.1//EN" "https://www.w3.org/TR/xhtml11/DTD/xhtml11.dtd">
<html xmlns="https://www.w3.org/1999/xhtml">
<head>
<meta http-equiv="content-type" content="text/html; charset=UTF-8"/>
<title>TestNG Report</title>
<style type="text/css">table {margin-bottom:10px;border-collapse:collapse;empty-cells:show}th,td {border:1px solid #009;padding:.25em .5em}th {vertical-align:bottom}td {vertical-align:top}table a {font-weight:bold}.stripe td {background-color: #E6EBF9}.num {text-align:right}.passedodd td {background-color: #3F3}.passedeven td {background-color: #0A0}.skippedodd td {background-color: #DDD}.skippedeven td {background-color: #CCC}.failedodd td,.attn {background-color: #F33}.failedeven td,.stripe .attn {background-color: #D00}.stacktrace {white-space:pre;font-family:monospace}.totop {font-size:85%;text-align:center;border-bottom:2px solid #000}.invisible {display:none}</style>
</head>
<body>
<table>
<tr><th>Test</th><th># Passed</th><th># Skipped</th><th># Retried</th><th># Failed</th><th>Time (ms)</th><th>Included Groups</th><th>Excluded Groups</th></tr>
<tr><th colspan="8">SeleniumGridDocker</th></tr>
<tr><td><a href="#t0">Chrome Test</a></td><td class="num">2</td><td class="num">0</td><td class="num">0</td><td class="num attn">2</td><td class="num">34,557</td><td></td><td></td></tr>
<tr class="stripe"><td><a href="#t1">Firefox Test</a></td><td class="num">4</td><td class="num">0</td><td class="num">0</td><td class="num">0</td><td class="num">58,008</td><td></td><td></td></tr>
<tr><th>Total</th><th class="num">6</th><th class="num">0</th><th class="num">0</th><th class="num attn">2</th><th class="num">92,565</th><th colspan="2"></th></tr>
</table>
<table id='summary'><thead><tr><th>Class</th><th>Method</th><th>Start</th><th>Time (ms)</th></tr></thead><tbody><tr><th colspan="4">SeleniumGridDocker</th></tr></tbody><tbody id="t0"><tr><th colspan="4">Chrome Test &#8212; failed</th></tr><tr class="failedeven"><td rowspan="2">levelset.tests.SelectDocumentPageTest</td><td><a href="#m0">validateLable</a></td><td rowspan="2">1619559757849</td><td rowspan="2">2723</td></tr><tr class="failedeven"><td><a href="#m1">validateLable</a></td></tr><tr><th colspan="4">Chrome Test &#8212; passed</th></tr><tr class="passedeven"><td rowspan="2">levelset.tests.SelectDocumentPageTest</td><td><a href="#m2">validateLable</a></td><td rowspan="2">1619559762222</td><td rowspan="2">3203</td></tr><tr class="passedeven"><td><a href="#m3">validateLable</a></td></tr></tbody>
<tbody id="t1"><tr><th colspan="4">Firefox Test &#8212; passed</th></tr><tr class="passedeven"><td rowspan="4">levelset.tests.SelectDocumentPageTest</td><td><a href="#m4">validateLable</a></td><td rowspan="4">1619559789440</td><td rowspan="4">3970</td></tr><tr class="passedeven"><td><a href="#m5">validateLable</a></td></tr><tr class="passedeven"><td><a href="#m6">validateLable</a></td></tr><tr class="passedeven"><td><a href="#m7">validateLable</a></td></tr></tbody>
</table>
<h2>Chrome Test</h2><h3 id="m0">levelset.tests.SelectDocumentPageTest#validateLable</h3><table class="result"><tr class="param"><th>Parameter #1</th></tr><tr class="param stripe"><td>Notice of Intent to Lien</td></tr><tr><th>Exception</th></tr><tr><td><div class="stacktrace">org.openqa.selenium.StaleElementReferenceException: stale element reference: element is not attached to the page document
  (Session info: chrome=90.0.4430.85)
For documentation on this error, please visit: https://www.seleniumhq.org/exceptions/stale_element_reference.html
Build info: version: &apos;3.141.59&apos;, revision: &apos;e82be7d358&apos;, time: &apos;2018-11-14T08:17:03&apos;
System info: host: &apos;DESKTOP-7SSCP5Q&apos;, ip: &apos;192.168.56.1&apos;, os.name: &apos;Windows 10&apos;, os.arch: &apos;amd64&apos;, os.version: &apos;10.0&apos;, java.version: &apos;1.8.0_241&apos;
Driver info: org.openqa.selenium.remote.RemoteWebDriver
Capabilities {acceptInsecureCerts: false, browserName: chrome, browserVersion: 90.0.4430.85, chrome: {chromedriverVersion: 90.0.4430.24 (4c6d850f087da..., userDataDir: /tmp/.com.google.Chrome.gYZFqH}, goog:chromeOptions: {debuggerAddress: localhost:41221}, javascriptEnabled: true, networkConnectionEnabled: false, pageLoadStrategy: normal, platform: LINUX, platformName: LINUX, proxy: Proxy(), setWindowRect: true, strictFileInteractability: false, timeouts: {implicit: 0, pageLoad: 300000, script: 30000}, unhandledPromptBehavior: dismiss and notify, webauthn:extension:largeBlob: true, webauthn:virtualAuthenticators: true, webdriver.remote.sessionid: 4fa0664729af146dfcc69c0d03a...}
Session ID: 4fa0664729af146dfcc69c0d03ab5275
	at org.openqa.selenium.remote.http.W3CHttpResponseCodec.createException(W3CHttpResponseCodec.java:187)
	at org.openqa.selenium.remote.http.W3CHttpResponseCodec.decode(W3CHttpResponseCodec.java:122)
	at org.openqa.selenium.remote.http.W3CHttpResponseCodec.decode(W3CHttpResponseCodec.java:49)
	at org.openqa.selenium.remote.HttpCommandExecutor.execute(HttpCommandExecutor.java:158)
	at org.openqa.selenium.remote.RemoteWebDriver.execute(RemoteWebDriver.java:552)
	at org.openqa.selenium.remote.RemoteWebElement.execute(RemoteWebElement.java:285)
	at org.openqa.selenium.remote.RemoteWebElement.click(RemoteWebElement.java:84)
	at levelset.actions.UIActions.clickOn(UIActions.java:43)
	at levelset.pages.SelectDocumentPage.clickOnDocumentCard(SelectDocumentPage.java:27)
	at levelset.tests.SelectDocumentPageTest.validateLable(SelectDocumentPageTest.java:87)
	at java.util.ArrayList.forEach(ArrayList.java:1257)
	at java.util.concurrent.FutureTask.run(FutureTask.java:266)
	at java.util.concurrent.ThreadPoolExecutor.runWorker(ThreadPoolExecutor.java:1149)
	at java.util.concurrent.ThreadPoolExecutor$Worker.run(ThreadPoolExecutor.java:624)
	at java.lang.Thread.run(Thread.java:748)
... Removed 22 stack frames</div></td></tr></table><p class="totop"><a href="#summary">back to summary</a></p>
<h3 id="m1">levelset.tests.SelectDocumentPageTest#validateLable</h3><table class="result"><tr class="param"><th>Parameter #1</th></tr><tr class="param stripe"><td>20-Day Preliminary Notice</td></tr><tr><th>Exception</th></tr><tr><td><div class="stacktrace">java.lang.AssertionError: expected [20-Day Preliminary Notice] but found [null]
	at levelset.tests.SelectDocumentPageTest.validateLable(SelectDocumentPageTest.java:89)
	at java.util.ArrayList.forEach(ArrayList.java:1257)
	at java.util.concurrent.FutureTask.run(FutureTask.java:266)
	at java.util.concurrent.ThreadPoolExecutor.runWorker(ThreadPoolExecutor.java:1149)
	at java.util.concurrent.ThreadPoolExecutor$Worker.run(ThreadPoolExecutor.java:624)
	at java.lang.Thread.run(Thread.java:748)
... Removed 24 stack frames</div></td></tr></table><p class="totop"><a href="#summary">back to summary</a></p>
<h3 id="m2">levelset.tests.SelectDocumentPageTest#validateLable</h3><table class="result"><tr class="param"><th>Parameter #1</th></tr><tr class="param stripe"><td>Lien Waiver</td></tr></table><p class="totop"><a href="#summary">back to summary</a></p>
<h3 id="m3">levelset.tests.SelectDocumentPageTest#validateLable</h3><table class="result"><tr class="param"><th>Parameter #1</th></tr><tr class="param stripe"><td>Lien / Bond Claim</td></tr></table><p class="totop"><a href="#summary">back to summary</a></p>
<h2>Firefox Test</h2><h3 id="m4">levelset.tests.SelectDocumentPageTest#validateLable</h3><table class="result"><tr class="param"><th>Parameter #1</th></tr><tr class="param stripe"><td>Lien / Bond Claim</td></tr></table><p class="totop"><a href="#summary">back to summary</a></p>
<h3 id="m5">levelset.tests.SelectDocumentPageTest#validateLable</h3><table class="result"><tr class="param"><th>Parameter #1</th></tr><tr class="param stripe"><td>Notice of Intent to Lien</td></tr></table><p class="totop"><a href="#summary">back to summary</a></p>
<h3 id="m6">levelset.tests.SelectDocumentPageTest#validateLable</h3><table class="result"><tr class="param"><th>Parameter #1</th></tr><tr class="param stripe"><td>Lien Waiver</td></tr></table><p class="totop"><a href="#summary">back to summary</a></p>
<h3 id="m7">levelset.tests.SelectDocumentPageTest#validateLable</h3><table class="result"><tr class="param"><th>Parameter #1</th></tr><tr class="param stripe"><td>20-Day Preliminary Notice</td></tr></table><p class="totop"><a href="#summary">back to summary</a></p>
</body>
</html>
