<?xml version="1.0" encoding="UTF-8"?>
<testng-results skipped="0" failed="2" ignored="0" total="8" passed="6">
  <reporter-output>
  </reporter-output>
  <suite name="SeleniumGridDocker" duration-ms="58008" started-at="2021-04-27T23:42:18 EET" finished-at="2021-04-27T23:43:16 EET">
    <groups>
    </groups>
    <test name="Chrome Test" duration-ms="34557" started-at="2021-04-27T23:42:18 EET" finished-at="2021-04-27T23:42:52 EET">
      <class name="levelset.tests.SelectDocumentPageTest">
        <test-method status="PASS" signature="setup(java.lang.String)[pri:0, instance:levelset.tests.SelectDocumentPageTest@7bb3a9fe]" name="setup" is-config="true" duration-ms="2785" started-at="2021-04-27T23:42:18 EET" finished-at="2021-04-27T23:42:20 EET">
          <params>
            <param index="0">
              <value>
                <![CDATA[9001]]>
              </value>
            </param>
          </params>
          <reporter-output>
          </reporter-output>
        </test-method> <!-- setup -->
        <test-method status="PASS" signature="openHomePage()[pri:0, instance:levelset.tests.SelectDocumentPageTest@7bb3a9fe]" name="openHomePage" is-config="true" duration-ms="5453" started-at="2021-04-27T23:42:22 EET" finished-at="2021-04-27T23:42:27 EET">
          <reporter-output>
          </reporter-output>
        </test-method> <!-- openHomePage -->
        <test-method status="FAIL" signature="validateLable(java.lang.String)[pri:2, instance:levelset.tests.SelectDocumentPageTest@7bb3a9fe]" name="validateLable" duration-ms="7232" started-at="2021-04-27T23:42:27 EET" description="Ckeck label Text" data-provider="nameOfDocuments" finished-at="2021-04-27T23:42:35 EET">
          <params>
            <param index="0">
              <value>
                <![CDATA[20-Day Preliminary Notice]]>
              </value>
            </param>
          </params>
          <exception class="java.lang.AssertionError">
            <message>
              <![CDATA[expected [20-Day Preliminary Notice] but found [null]]]>
            </message>
            <full-stacktrace>
              <![CDATA[java.lang.AssertionError: expected [20-Day Preliminary Notice] but found [null]
at org.testng.Assert.fail(Assert.java:99)
at org.testng.Assert.failNotEquals(Assert.java:1037)
at org.testng.Assert.assertEqualsImpl(Assert.java:140)
at org.testng.Assert.assertEquals(Assert.java:122)
at org.testng.Assert.assertEquals(Assert.java:629)
at org.testng.Assert.assertEquals(Assert.java:639)
at levelset.tests.SelectDocumentPageTest.validateLable(SelectDocumentPageTest.java:89)
at sun.reflect.NativeMethodAccessorImpl.invoke0(Native Method)
at sun.reflect.NativeMethodAccessorImpl.invoke(NativeMethodAccessorImpl.java:62)
at sun.reflect.DelegatingMethodAccessorImpl.invoke(DelegatingMethodAccessorImpl.java:43)
at java.lang.reflect.Method.invoke(Method.java:498)
at org.testng.internal.MethodInvocationHelper.invokeMethod(MethodInvocationHelper.java:132)
at org.testng.internal.TestInvoker.invokeMethod(TestInvoker.java:599)
at org.testng.internal.TestInvoker.invokeTestMethod(TestInvoker.java:174)
at org.testng.internal.MethodRunner.runInSequence(MethodRunner.java:46)
at org.testng.internal.TestInvoker$MethodInvocationAgent.invoke(TestInvoker.java:822)
at org.testng.internal.TestInvoker.invokeTestMethods(TestInvoker.java:147)
at org.testng.internal.TestMethodWorker.invokeTestMethods(TestMethodWorker.java:146)
at org.testng.internal.TestMethodWorker.run(TestMethodWorker.java:128)
at java.util.ArrayList.forEach(ArrayList.java:1257)
at org.testng.TestRunner.privateRun(TestRunner.java:764)
at org.testng.TestRunner.run(TestRunner.java:585)
at org.testng.SuiteRunner.runTest(SuiteRunner.java:384)
at org.testng.SuiteRunner.access$000(SuiteRunner.java:28)
at org.testng.SuiteRunner$SuiteWorker.run(SuiteRunner.java:425)
at org.testng.internal.thread.ThreadUtil.lambda$execute$0(ThreadUtil.java:66)
at java.util.concurrent.FutureTask.run(FutureTask.java:266)
at java.util.concurrent.ThreadPoolExecutor.runWorker(ThreadPoolExecutor.java:1149)
at java.util.concurrent.ThreadPoolExecutor$Worker.run(ThreadPoolExecutor.java:624)
at java.lang.Thread.run(Thread.java:748)
]]>
            </full-stacktrace>
          </exception> <!-- java.lang.AssertionError -->
          <reporter-output>
          </reporter-output>
        </test-method> <!-- validateLable -->
        <test-method status="PASS" signature="takePhoto(org.testng.ITestResult)[pri:0, instance:levelset.tests.SelectDocumentPageTest@7bb3a9fe]" name="takePhoto" is-config="true" duration-ms="556" started-at="2021-04-27T23:42:35 EET" finished-at="2021-04-27T23:42:35 EET">
          <params>
            <param index="0">
              <value>
                <![CDATA[[TestResult name=validateLable status=FAILURE method=SelectDocumentPageTest.validateLable(java.lang.String)[pri:2, instance:levelset.tests.SelectDocumentPageTest@7bb3a9fe] output={null}]]]>
              </value>
            </param>
          </params>
          <reporter-output>
          </reporter-output>
        </test-method> <!-- takePhoto -->
        <test-method status="PASS" signature="openHomePage()[pri:0, instance:levelset.tests.SelectDocumentPageTest@7bb3a9fe]" name="openHomePage" is-config="true" duration-ms="2061" started-at="2021-04-27T23:42:35 EET" finished-at="2021-04-27T23:42:37 EET">
          <reporter-output>
          </reporter-output>
        </test-method> <!-- openHomePage -->
        <test-method status="FAIL" signature="validateLable(java.lang.String)[pri:2, instance:levelset.tests.SelectDocumentPageTest@7bb3a9fe]" name="validateLable" duration-ms="2723" started-at="2021-04-27T23:42:37 EET" description="Ckeck label Text" data-provider="nameOfDocuments" finished-at="2021-04-27T23:42:40 EET">
          <params>
            <param index="0">
              <value>
                <![CDATA[Notice of Intent to Lien]]>
              </value>
            </param>
          </params>
          <exception class="org.openqa.selenium.StaleElementReferenceException">
            <message>
              <![CDATA[stale element reference: element is not attached to the page document
  (Session info: chrome=90.0.4430.85)
For documentation on this error, please visit: https://www.seleniumhq.org/exceptions/stale_element_reference.html
Build info: version: '3.141.59', revision: 'e82be7d358', time: '2018-11-14T08:17:03'
System info: host: 'DESKTOP-7SSCP5Q', ip: '192.168.56.1', os.name: 'Windows 10', os.arch: 'amd64', os.version: '10.0', java.version: '1.8.0_241'
Driver info: org.openqa.selenium.remote.RemoteWebDriver
Capabilities {acceptInsecureCerts: false, browserName: chrome, browserVersion: 90.0.4430.85, chrome: {chromedriverVersion: 90.0.4430.24 (4c6d850f087da..., userDataDir: /tmp/.com.google.Chrome.gYZFqH}, goog:chromeOptions: {debuggerAddress: localhost:41221}, javascriptEnabled: true, networkConnectionEnabled: false, pageLoadStrategy: normal, platform: LINUX, platformName: LINUX, proxy: Proxy(), setWindowRect: true, strictFileInteractability: false, timeouts: {implicit: 0, pageLoad: 300000, script: 30000}, unhandledPromptBehavior: dismiss and notify, webauthn:extension:largeBlob: true, webauthn:virtualAuthenticators: true, webdriver.remote.sessionid: 4fa0664729af146dfcc69c0d03a...}
Session ID: 4fa0664729af146dfcc69c0d03ab5275]]>
            </message>
            <full-stacktrace>
              <![CDATA[org.openqa.selenium.StaleElementReferenceException: stale element reference: element is not attached to the page document
  (Session info: chrome=90.0.4430.85)
For documentation on this error, please visit: https://www.seleniumhq.org/exceptions/stale_element_reference.html
Build info: version: '3.141.59', revision: 'e82be7d358', time: '2018-11-14T08:17:03'
System info: host: 'DESKTOP-7SSCP5Q', ip: '192.168.56.1', os.name: 'Windows 10', os.arch: 'amd64', os.version: '10.0', java.version: '1.8.0_241'
Driver info: org.openqa.selenium.remote.RemoteWebDriver
Capabilities {acceptInsecureCerts: false, browserName: chrome, browserVersion: 90.0.4430.85, chrome: {chromedriverVersion: 90.0.4430.24 (4c6d850f087da..., userDataDir: /tmp/.com.google.Chrome.gYZFqH}, goog:chromeOptions: {debuggerAddress: localhost:41221}, javascriptEnabled: true, networkConnectionEnabled: false, pageLoadStrategy: normal, platform: LINUX, platformName: LINUX, proxy: Proxy(), setWindowRect: true, strictFileInteractability: false, timeouts: {implicit: 0, pageLoad: 300000, script: 30000}, unhandledPromptBehavior: dismiss and notify, webauthn:extension:largeBlob: true, webauthn:virtualAuthenticators: true, webdriver.remote.sessionid: 4fa0664729af146dfcc69c0d03a...}
Session ID: 4fa0664729af146dfcc69c0d03ab5275
at sun.reflect.NativeConstructorAccessorImpl.newInstance0(Native Method)
at sun.reflect.NativeConstructorAccessorImpl.newInstance(NativeConstructorAccessorImpl.java:62)
at sun.reflect.DelegatingConstructorAccessorImpl.newInstance(DelegatingConstructorAccessorImpl.java:45)
at java.lang.reflect.Constructor.newInstance(Constructor.java:423)
at org.openqa.selenium.remote.http.W3CHttpResponseCodec.createException(W3CHttpResponseCodec.java:187)
at org.openqa.selenium.remote.http.W3CHttpResponseCodec.decode(W3CHttpResponseCodec.java:122)
at org.openqa.selenium.remote.http.W3CHttpResponseCodec.decode(W3CHttpResponseCodec.java:49)
at org.openqa.selenium.remote.HttpCommandExecutor.execute(HttpCommandExecutor.java:158)
at org.openqa.selenium.remote.RemoteWebDriver.execute(RemoteWebDriver.java:552)
at org.openqa.selenium.remote.RemoteWebElement.execute(RemoteWebElement.java:285)
at org.openqa.selenium.remote.RemoteWebElement.click(RemoteWebElement.java:84)
at levelset.actions.UIActions.clickOn(UIActions.java:43)
at levelset.pages.SelectDocumentPage.clickOnDocumentCard(SelectDocumentPage.java:27)
at levelset.tests.SelectDocumentPageTest.validateLable(SelectDocumentPageTest.java:87)
at sun.reflect.NativeMethodAccessorImpl.invoke0(Native Method)
at sun.reflect.NativeMethodAccessorImpl.invoke(NativeMethodAccessorImpl.java:62)
at sun.reflect.DelegatingMethodAccessorImpl.invoke(DelegatingMethodAccessorImpl.java:43)
at java.lang.reflect.Method.invoke(Method.java:498)
at org.testng.internal.MethodInvocationHelper.invokeMethod(MethodInvocationHelper.java:132)
at org.testng.internal.TestInvoker.invokeMethod(TestInvoker.java:599)
at org.testng.internal.TestInvoker.invokeTestMethod(TestInvoker.java:174)
at org.testng.internal.MethodRunner.runInSequence(MethodRunner.java:46)
at org.testng.internal.TestInvoker$MethodInvocationAgent.invoke(TestInvoker.java:822)
at org.testng.internal.TestInvoker.invokeTestMethods(TestInvoker.java:147)
at org.testng.internal.TestMethodWorker.invokeTestMethods(TestMethodWorker.java:146)
at org.testng.internal.TestMethodWorker.run(TestMethodWorker.java:128)
at java.util.ArrayList.forEach(ArrayList.java:1257)
at org.testng.TestRunner.privateRun(TestRunner.java:764)
at org.testng.TestRunner.run(TestRunner.java:585)
at org.testng.SuiteRunner.runTest(SuiteRunner.java:384)
at org.testng.SuiteRunner.access$000(SuiteRunner.java:28)
at org.testng.SuiteRunner$SuiteWorker.run(SuiteRunner.java:425)
at org.testng.internal.thread.ThreadUtil.lambda$execute$0(ThreadUtil.java:66)
at java.util.concurrent.FutureTask.run(FutureTask.java:266)
at java.util.concurrent.ThreadPoolExecutor.runWorker(ThreadPoolExecutor.java:1149)
at java.util.concurrent.ThreadPoolExecutor$Worker.run(ThreadPoolExecutor.java:624)
at java.lang.Thread.run(Thread.java:748)
]]>
            </full-stacktrace>
          </exception> <!-- org.openqa.selenium.StaleElementReferenceException -->
          <reporter-output>
          </reporter-output>
        </test-method> <!-- validateLable -->
        <test-method status="PASS" signature="takePhoto(org.testng.ITestResult)[pri:0, instance:levelset.tests.SelectDocumentPageTest@7bb3a9fe]" name="takePhoto" is-config="true" duration-ms="250" started-at="2021-04-27T23:42:40 EET" finished-at="2021-04-27T23:42:40 EET">
          <params>
            <param index="0">
              <value>
                <![CDATA[[TestResult name=validateLable status=FAILURE method=SelectDocumentPageTest.validateLable(java.lang.String)[pri:2, instance:levelset.tests.SelectDocumentPageTest@7bb3a9fe] output={null}]]]>
              </value>
            </param>
          </params>
          <reporter-output>
          </reporter-output>
        </test-method> <!-- takePhoto -->
        <test-method status="PASS" signature="openHomePage()[pri:0, instance:levelset.tests.SelectDocumentPageTest@7bb3a9fe]" name="openHomePage" is-config="true" duration-ms="1393" started-at="2021-04-27T23:42:40 EET" finished-at="2021-04-27T23:42:42 EET">
          <reporter-output>
          </reporter-output>
        </test-method> <!-- openHomePage -->
        <test-method status="PASS" signature="validateLable(java.lang.String)[pri:2, instance:levelset.tests.SelectDocumentPageTest@7bb3a9fe]" name="validateLable" duration-ms="3203" started-at="2021-04-27T23:42:42 EET" description="Ckeck label Text" data-provider="nameOfDocuments" finished-at="2021-04-27T23:42:45 EET">
          <params>
            <param index="0">
              <value>
                <![CDATA[Lien Waiver]]>
              </value>
            </param>
          </params>
          <reporter-output>
          </reporter-output>
        </test-method> <!-- validateLable -->
        <test-method status="PASS" signature="takePhoto(org.testng.ITestResult)[pri:0, instance:levelset.tests.SelectDocumentPageTest@7bb3a9fe]" name="takePhoto" is-config="true" duration-ms="259" started-at="2021-04-27T23:42:45 EET" finished-at="2021-04-27T23:42:45 EET">
          <params>
            <param index="0">
              <value>
                <![CDATA[[TestResult name=validateLable status=SUCCESS method=SelectDocumentPageTest.validateLable(java.lang.String)[pri:2, instance:levelset.tests.SelectDocumentPageTest@7bb3a9fe] output={null}]]]>
              </value>
            </param>
          </params>
          <reporter-output>
          </reporter-output>
        </test-method> <!-- takePhoto -->
        <test-method status="PASS" signature="openHomePage()[pri:0, instance:levelset.tests.SelectDocumentPageTest@7bb3a9fe]" name="openHomePage" is-config="true" duration-ms="2507" started-at="2021-04-27T23:42:45 EET" finished-at="2021-04-27T23:42:48 EET">
          <reporter-output>
          </reporter-output>
        </test-method> <!-- openHomePage -->
        <test-method status="PASS" signature="validateLable(java.lang.String)[pri:2, instance:levelset.tests.SelectDocumentPageTest@7bb3a9fe]" name="validateLable" duration-ms="4212" started-at="2021-04-27T23:42:48 EET" description="Ckeck label Text" data-provider="nameOfDocuments" finished-at="2021-04-27T23:42:52 EET">
          <params>
            <param index="0">
              <value>
                <![CDATA[Lien / Bond Claim]]>
              </value>
            </param>
          </params>
          <reporter-output>
          </reporter-output>
        </test-method> <!-- validateLable -->
        <test-method status="PASS" signature="takePhoto(org.testng.ITestResult)[pri:0, instance:levelset.tests.SelectDocumentPageTest@7bb3a9fe]" name="takePhoto" is-config="true" duration-ms="205" started-at="2021-04-27T23:42:52 EET" finished-at="2021-04-27T23:42:52 EET">
          <params>
            <param index="0">
              <value>
                <![CDATA[[TestResult name=validateLable status=SUCCESS method=SelectDocumentPageTest.validateLable(java.lang.String)[pri:2, instance:levelset.tests.SelectDocumentPageTest@7bb3a9fe] output={null}]]]>
              </value>
            </param>
          </params>
          <reporter-output>
          </reporter-output>
        </test-method> <!-- takePhoto -->
        <test-method status="PASS" signature="tearDown()[pri:0, instance:levelset.tests.SelectDocumentPageTest@7bb3a9fe]" name="tearDown" is-config="true" duration-ms="65" started-at="2021-04-27T23:42:52 EET" finished-at="2021-04-27T23:42:52 EET">
          <reporter-output>
          </reporter-output>
        </test-method> <!-- tearDown -->
      </class> <!-- levelset.tests.SelectDocumentPageTest -->
    </test> <!-- Chrome Test -->
    <test name="Firefox Test" duration-ms="58008" started-at="2021-04-27T23:42:18 EET" finished-at="2021-04-27T23:43:16 EET">
      <class name="levelset.tests.SelectDocumentPageTest">
        <test-method status="PASS" signature="setAllureEnvironment()[pri:0, instance:levelset.tests.SelectDocumentPageTest@782a4fff]" name="setAllureEnvironment" is-config="true" duration-ms="203" started-at="2021-04-27T23:42:17 EET" finished-at="2021-04-27T23:42:18 EET">
          <reporter-output>
          </reporter-output>
        </test-method> <!-- setAllureEnvironment -->
        <test-method status="PASS" signature="setup(java.lang.String)[pri:0, instance:levelset.tests.SelectDocumentPageTest@782a4fff]" name="setup" is-config="true" duration-ms="14247" started-at="2021-04-27T23:42:18 EET" finished-at="2021-04-27T23:42:32 EET">
          <params>
            <param index="0">
              <value>
                <![CDATA[9002]]>
              </value>
            </param>
          </params>
          <reporter-output>
          </reporter-output>
        </test-method> <!-- setup -->
        <test-method status="PASS" signature="openHomePage()[pri:0, instance:levelset.tests.SelectDocumentPageTest@782a4fff]" name="openHomePage" is-config="true" duration-ms="13091" started-at="2021-04-27T23:42:32 EET" finished-at="2021-04-27T23:42:45 EET">
          <reporter-output>
          </reporter-output>
        </test-method> <!-- openHomePage -->
        <test-method status="PASS" signature="validateLable(java.lang.String)[pri:2, instance:levelset.tests.SelectDocumentPageTest@782a4fff]" name="validateLable" duration-ms="8395" started-at="2021-04-27T23:42:45 EET" description="Ckeck label Text" data-provider="nameOfDocuments" finished-at="2021-04-27T23:42:53 EET">
          <params>
            <param index="0">
              <value>
                <![CDATA[20-Day Preliminary Notice]]>
              </value>
            </param>
          </params>
          <reporter-output>
          </reporter-output>
        </test-method> <!-- validateLable -->
        <test-method status="PASS" signature="takePhoto(org.testng.ITestResult)[pri:0, instance:levelset.tests.SelectDocumentPageTest@782a4fff]" name="takePhoto" is-config="true" duration-ms="93" started-at="2021-04-27T23:42:53 EET" finished-at="2021-04-27T23:42:54 EET">
          <params>
            <param index="0">
              <value>
                <![CDATA[[TestResult name=validateLable status=SUCCESS method=SelectDocumentPageTest.validateLable(java.lang.String)[pri:2, instance:levelset.tests.SelectDocumentPageTest@782a4fff] output={null}]]]>
              </value>
            </param>
          </params>
          <reporter-output>
          </reporter-output>
        </test-method> <!-- takePhoto -->
        <test-method status="PASS" signature="openHomePage()[pri:0, instance:levelset.tests.SelectDocumentPageTest@782a4fff]" name="openHomePage" is-config="true" duration-ms="1430" started-at="2021-04-27T23:42:54 EET" finished-at="2021-04-27T23:42:55 EET">
          <reporter-output>
          </reporter-output>
        </test-method> <!-- openHomePage -->
        <test-method status="PASS" signature="validateLable(java.lang.String)[pri:2, instance:levelset.tests.SelectDocumentPageTest@782a4fff]" name="validateLable" duration-ms="6629" started-at="2021-04-27T23:42:55 EET" description="Ckeck label Text" data-provider="nameOfDocuments" finished-at="2021-04-27T23:43:02 EET">
          <params>
            <param index="0">
              <value>
                <![CDATA[Notice of Intent to Lien]]>
              </value>
            </param>
          </params>
          <reporter-output>
          </reporter-output>
        </test-method> <!-- validateLable -->
        <test-method status="PASS" signature="takePhoto(org.testng.ITestResult)[pri:0, instance:levelset.tests.SelectDocumentPageTest@782a4fff]" name="takePhoto" is-config="true" duration-ms="102" started-at="2021-04-27T23:43:02 EET" finished-at="2021-04-27T23:43:02 EET">
          <params>
            <param index="0">
              <value>
                <![CDATA[[TestResult name=validateLable status=SUCCESS method=SelectDocumentPageTest.validateLable(java.lang.String)[pri:2, instance:levelset.tests.SelectDocumentPageTest@782a4fff] output={null}]]]>
              </value>
            </param>
          </params>
          <reporter-output>
          </reporter-output>
        </test-method> <!-- takePhoto -->
        <test-method status="PASS" signature="openHomePage()[pri:0, instance:levelset.tests.SelectDocumentPageTest@782a4fff]" name="openHomePage" is-config="true" duration-ms="2239" started-at="2021-04-27T23:43:02 EET" finished-at="2021-04-27T23:43:04 EET">
          <reporter-output>
          </reporter-output>
        </test-method> <!-- openHomePage -->
        <test-method status="PASS" signature="validateLable(java.lang.String)[pri:2, instance:levelset.tests.SelectDocumentPageTest@782a4fff]" name="validateLable" duration-ms="2431" started-at="2021-04-27T23:43:04 EET" description="Ckeck label Text" data-provider="nameOfDocuments" finished-at="2021-04-27T23:43:06 EET">
          <params>
            <param index="0">
              <value>
                <![CDATA[Lien Waiver]]>
              </value>
            </param>
          </params>
          <reporter-output>
          </reporter-output>
        </test-method> <!-- validateLable -->
        <test-method status="PASS" signature="takePhoto(org.testng.ITestResult)[pri:0, instance:levelset.tests.SelectDocumentPageTest@782a4fff]" name="takePhoto" is-config="true" duration-ms="126" started-at="2021-04-27T23:43:06 EET" finished-at="2021-04-27T23:43:07 EET">
          <params>
            <param index="0">
              <value>
                <![CDATA[[TestResult name=validateLable status=SUCCESS method=SelectDocumentPageTest.validateLable(java.lang.String)[pri:2, instance:levelset.tests.SelectDocumentPageTest@782a4fff] output={null}]]]>
              </value>
            </param>
          </params>
          <reporter-output>
          </reporter-output>
        </test-method> <!-- takePhoto -->
        <test-method status="PASS" signature="openHomePage()[pri:0, instance:levelset.tests.SelectDocumentPageTest@782a4fff]" name="openHomePage" is-config="true" duration-ms="2338" started-at="2021-04-27T23:43:07 EET" finished-at="2021-04-27T23:43:09 EET">
          <reporter-output>
          </reporter-output>
        </test-method> <!-- openHomePage -->
        <test-method status="PASS" signature="validateLable(java.lang.String)[pri:2, instance:levelset.tests.SelectDocumentPageTest@782a4fff]" name="validateLable" duration-ms="3970" started-at="2021-04-27T23:43:09 EET" description="Ckeck label Text" data-provider="nameOfDocuments" finished-at="2021-04-27T23:43:13 EET">
          <params>
            <param index="0">
              <value>
                <![CDATA[Lien / Bond Claim]]>
              </value>
            </param>
          </params>
          <reporter-output>
          </reporter-output>
        </test-method> <!-- validateLable -->
        <test-method status="PASS" signature="takePhoto(org.testng.ITestResult)[pri:0, instance:levelset.tests.SelectDocumentPageTest@782a4fff]" name="takePhoto" is-config="true" duration-ms="156" started-at="2021-04-27T23:43:13 EET" finished-at="2021-04-27T23:43:13 EET">
          <params>
            <param index="0">
              <value>
                <![CDATA[[TestResult name=validateLable status=SUCCESS method=SelectDocumentPageTest.validateLable(java.lang.String)[pri:2, instance:levelset.tests.SelectDocumentPageTest@782a4fff] output={null}]]]>
              </value>
            </param>
          </params>
          <reporter-output>
          </reporter-output>
        </test-method> <!-- takePhoto -->
        <test-method status="PASS" signature="tearDown()[pri:0, instance:levelset.tests.SelectDocumentPageTest@782a4fff]" name="tearDown" is-config="true" duration-ms="2578" started-at="2021-04-27T23:43:13 EET" finished-at="2021-04-27T23:43:16 EET">
          <reporter-output>
          </reporter-output>
        </test-method> <!-- tearDown -->
      </class> <!-- levelset.tests.SelectDocumentPageTest -->
    </test> <!-- Firefox Test -->
  </suite> <!-- SeleniumGridDocker -->
</testng-results>
